{"/Users/sachin/cf-repos/static-worker/jest.setup.js": {"path":"/Users/sachin/cf-repos/static-worker/jest.setup.js","statementMap":{},"fnMap":{},"branchMap":{},"s":{},"f":{},"b":{},"_coverageSchema":"332fd63041d2c1bcb487cc26dd0d5f7d97098a6c","hash":"e32c5df307f1598d8e1c10d92151c9af5ea6c114"}
,"/Users/sachin/cf-repos/static-worker/src/index.js": {"path":"/Users/sachin/cf-repos/static-worker/src/index.js","statementMap":{"0":{"start":{"line":3,"column":4},"end":{"line":3,"column":27}},"1":{"start":{"line":4,"column":4},"end":{"line":4,"column":31}},"2":{"start":{"line":5,"column":4},"end":{"line":5,"column":28}},"3":{"start":{"line":9,"column":4},"end":{"line":9,"column":61}},"4":{"start":{"line":13,"column":4},"end":{"line":17,"column":5}},"5":{"start":{"line":14,"column":6},"end":{"line":16,"column":8}},"6":{"start":{"line":20,"column":4},"end":{"line":25,"column":5}},"7":{"start":{"line":21,"column":6},"end":{"line":24,"column":7}},"8":{"start":{"line":22,"column":8},"end":{"line":22,"column":41}},"9":{"start":{"line":23,"column":8},"end":{"line":23,"column":14}},"10":{"start":{"line":26,"column":4},"end":{"line":28,"column":5}},"11":{"start":{"line":27,"column":6},"end":{"line":27,"column":35}},"12":{"start":{"line":29,"column":4},"end":{"line":29,"column":20}},"13":{"start":{"line":33,"column":4},"end":{"line":33,"column":45}}},"fnMap":{"0":{"name":"(anonymous_0)","decl":{"start":{"line":2,"column":2},"end":{"line":2,"column":3}},"loc":{"start":{"line":2,"column":39},"end":{"line":6,"column":3}},"line":2},"1":{"name":"(anonymous_1)","decl":{"start":{"line":8,"column":2},"end":{"line":8,"column":3}},"loc":{"start":{"line":8,"column":24},"end":{"line":10,"column":3}},"line":8},"2":{"name":"(anonymous_2)","decl":{"start":{"line":12,"column":2},"end":{"line":12,"column":3}},"loc":{"start":{"line":12,"column":26},"end":{"line":30,"column":3}},"line":12},"3":{"name":"(anonymous_3)","decl":{"start":{"line":32,"column":2},"end":{"line":32,"column":3}},"loc":{"start":{"line":32,"column":27},"end":{"line":34,"column":3}},"line":32}},"branchMap":{"0":{"loc":{"start":{"line":2,"column":23},"end":{"line":2,"column":37}},"type":"default-arg","locations":[{"start":{"line":2,"column":35},"end":{"line":2,"column":37}}],"line":2},"1":{"loc":{"start":{"line":13,"column":4},"end":{"line":17,"column":5}},"type":"if","locations":[{"start":{"line":13,"column":4},"end":{"line":17,"column":5}},{"start":{"line":13,"column":4},"end":{"line":17,"column":5}}],"line":13},"2":{"loc":{"start":{"line":15,"column":8},"end":{"line":15,"column":80}},"type":"binary-expr","locations":[{"start":{"line":15,"column":8},"end":{"line":15,"column":34}},{"start":{"line":15,"column":38},"end":{"line":15,"column":80}}],"line":15},"3":{"loc":{"start":{"line":21,"column":6},"end":{"line":24,"column":7}},"type":"if","locations":[{"start":{"line":21,"column":6},"end":{"line":24,"column":7}},{"start":{"line":21,"column":6},"end":{"line":24,"column":7}}],"line":21},"4":{"loc":{"start":{"line":26,"column":4},"end":{"line":28,"column":5}},"type":"if","locations":[{"start":{"line":26,"column":4},"end":{"line":28,"column":5}},{"start":{"line":26,"column":4},"end":{"line":28,"column":5}}],"line":26}},"s":{"0":13,"1":13,"2":13,"3":5,"4":7,"5":2,"6":5,"7":3,"8":2,"9":2,"10":5,"11":3,"12":2,"13":1},"f":{"0":13,"1":5,"2":7,"3":1},"b":{"0":[11],"1":[2,5],"2":[2,1],"3":[2,1],"4":[3,2]},"_coverageSchema":"332fd63041d2c1bcb487cc26dd0d5f7d97098a6c","hash":"f72bf673b4da7a86eebb48f3d3b5f0873d981fef"}
}
