TN:
SF:/Users/sachin/cf-repos/static-worker/jest.setup.js
FNF:0
FNH:0
LF:0
LH:0
BRF:0
BRH:0
end_of_record
TN:
SF:/Users/sachin/cf-repos/static-worker/src/index.js
FN:2,(anonymous_0)
FN:8,(anonymous_1)
FN:12,(anonymous_2)
FN:32,(anonymous_3)
FNF:4
FNH:4
FNDA:13,(anonymous_0)
FNDA:5,(anonymous_1)
FNDA:7,(anonymous_2)
FNDA:1,(anonymous_3)
DA:3,13
DA:4,13
DA:5,13
DA:9,5
DA:13,7
DA:14,2
DA:20,5
DA:21,3
DA:22,2
DA:23,2
DA:26,5
DA:27,3
DA:29,2
DA:33,1
LF:14
LH:14
BRDA:2,0,0,11
BRDA:13,1,0,2
BRDA:13,1,1,5
BRDA:15,2,0,2
BRDA:15,2,1,1
BRDA:21,3,0,2
BRDA:21,3,1,1
BRDA:26,4,0,3
BRDA:26,4,1,2
BRF:9
BRH:9
end_of_record
